\BOOKMARK [0][-]{chapter.1}{Welcome}{}% 1
\BOOKMARK [0][-]{chapter.2}{Overview}{}% 2
\BOOKMARK [1][-]{section.2.1}{What\040to\040expect}{chapter.2}% 3
\BOOKMARK [1][-]{section.2.2}{Gapminder\040data:}{chapter.2}% 4
\BOOKMARK [1][-]{section.2.3}{By the end of the course…}{chapter.2}% 5
\BOOKMARK [1][-]{section.2.4}{Prerequisites}{chapter.2}% 6
\BOOKMARK [1][-]{section.2.5}{Credit}{chapter.2}% 7
\BOOKMARK [0][-]{chapter.3}{R/RStudio\040Orientation,\040GitHub\040Setup}{}% 8
\BOOKMARK [1][-]{section.3.1}{Objectives\040&\040Resources}{chapter.3}% 9
\BOOKMARK [1][-]{section.3.2}{Why\040learn\040R\040with\040RStudio}{chapter.3}% 10
\BOOKMARK [1][-]{section.3.3}{R\040at\040the\040console,\040RStudio\040goodies}{chapter.3}% 11
\BOOKMARK [1][-]{section.3.4}{R\040functions,\040help\040pages}{chapter.3}% 12
\BOOKMARK [1][-]{section.3.5}{Clearing\040the\040environment}{chapter.3}% 13
\BOOKMARK [1][-]{section.3.6}{RMarkdown}{chapter.3}% 14
\BOOKMARK [1][-]{section.3.7}{Setup\040Git\040&\040GitHub}{chapter.3}% 15
\BOOKMARK [1][-]{section.3.8}{Troubleshooting}{chapter.3}% 16
\BOOKMARK [0][-]{chapter.4}{Using\040RStudio+GitHub,\040and\040R\040Scripts}{}% 17
\BOOKMARK [1][-]{section.4.1}{Objectives\040&\040Resources}{chapter.4}% 18
\BOOKMARK [1][-]{section.4.2}{Why\040should\040scientists\040use\040Github?}{chapter.4}% 19
\BOOKMARK [1][-]{section.4.3}{Create\040a\040repository\040on\040Github.com}{chapter.4}% 20
\BOOKMARK [1][-]{section.4.4}{Clone\040your\040repository\040using\040RStudio}{chapter.4}% 21
\BOOKMARK [1][-]{section.4.5}{Inspect\040your\040repository}{chapter.4}% 22
\BOOKMARK [1][-]{section.4.6}{Add\040files\040to\040our\040local\040repo}{chapter.4}% 23
\BOOKMARK [1][-]{section.4.7}{Sync\040from\040RStudio\040to\040GitHub}{chapter.4}% 24
\BOOKMARK [1][-]{section.4.8}{Explore\040remote\040Github}{chapter.4}% 25
\BOOKMARK [1][-]{section.4.9}{Create\040a\040new\040R\040Markdown\040file}{chapter.4}% 26
\BOOKMARK [1][-]{section.4.10}{Committing\040-\040how\040often?\040Tracking\040changes\040in\040your\040files}{chapter.4}% 27
\BOOKMARK [1][-]{section.4.11}{Troubleshooting}{chapter.4}% 28
\BOOKMARK [0][-]{chapter.5}{Visualizing\040data}{}% 29
\BOOKMARK [1][-]{section.5.1}{Objectives\040&\040Resources}{chapter.5}% 30
\BOOKMARK [1][-]{section.5.2}{Install\040our\040first\040package:\040tidyverse}{chapter.5}% 31
\BOOKMARK [1][-]{section.5.3}{Aesthetic\040mappings}{chapter.5}% 32
\BOOKMARK [1][-]{section.5.4}{push\040to\040GitHub}{chapter.5}% 33
\BOOKMARK [1][-]{section.5.5}{Common\040problems}{chapter.5}% 34
\BOOKMARK [1][-]{section.5.6}{The\040Layered\040Grammar\040of\040Graphics}{chapter.5}% 35
\BOOKMARK [1][-]{section.5.7}{push\040to\040GitHub}{chapter.5}% 36
\BOOKMARK [1][-]{section.5.8}{end\040of\040the\040day:\040intro\040to\040Markdown\040\(README\)?}{chapter.5}% 37
\BOOKMARK [1][-]{section.5.9}{Troubleshooting}{chapter.5}% 38
\BOOKMARK [0][-]{chapter.6}{Wrangling\040\(dplyr\)}{}% 39
\BOOKMARK [1][-]{section.6.1}{Overview}{chapter.6}% 40
\BOOKMARK [1][-]{section.6.2}{Prerequisites}{chapter.6}% 41
\BOOKMARK [1][-]{section.6.3}{Tidy\040Data}{chapter.6}% 42
\BOOKMARK [1][-]{section.6.4}{Explore\040the\040gapminder\040data.frame}{chapter.6}% 43
\BOOKMARK [1][-]{section.6.5}{dplyr\040overview}{chapter.6}% 44
\BOOKMARK [1][-]{section.6.6}{Use\040dplyr::filter\(\)\040to\040subset\040data\040row-wise\040\(observations\).}{chapter.6}% 45
\BOOKMARK [1][-]{section.6.7}{Your\040turn}{chapter.6}% 46
\BOOKMARK [1][-]{section.6.8}{Meet\040the\040new\040pipe\040operator}{chapter.6}% 47
\BOOKMARK [1][-]{section.6.9}{Use\040dplyr::select\(\)\040to\040subset\040data\040column-wise\040\(variables\)}{chapter.6}% 48
\BOOKMARK [1][-]{section.6.10}{Use\040dplyr::mutate\(\)\040to\040add\040new\040variables}{chapter.6}% 49
\BOOKMARK [1][-]{section.6.11}{Your\040turn}{chapter.6}% 50
\BOOKMARK [1][-]{section.6.12}{dplyr::group_by\(\)\040to\040operate\040on\040groups}{chapter.6}% 51
\BOOKMARK [1][-]{section.6.13}{dplyr::arrange\(\)\040to\040order}{chapter.6}% 52
\BOOKMARK [1][-]{section.6.14}{Your\040turn}{chapter.6}% 53
\BOOKMARK [1][-]{section.6.15}{All\040together\040now}{chapter.6}% 54
